yarn run v1.22.22
$ craco start
(node:2780) [DEP_WEBPACK_DEV_SERVER_ON_AFTER_SETUP_MIDDLEWARE] DeprecationWarning: 'onAfterSetupMiddleware' option is deprecated. Please use the 'setupMiddlewares' option.
(Use `node --trace-deprecation ...` to show where the warning was created)
(node:2780) [DEP_WEBPACK_DEV_SERVER_ON_BEFORE_SETUP_MIDDLEWARE] DeprecationWarning: 'onBeforeSetupMiddleware' option is deprecated. Please use the 'setupMiddlewares' option.
Starting the development server...

Compiled with warnings.

[eslint] 
src/components/CRTBridgeManager.js
  Line 17:6:  React Hook useEffect has missing dependencies: 'fetchBridgeSummary' and 'fetchSupportedPairs'. Either include them or remove the dependency array  react-hooks/exhaustive-deps
  Line 23:6:  React Hook useEffect has a missing dependency: 'estimateBridgeRequirements'. Either include it or remove the dependency array                      react-hooks/exhaustive-deps

src/components/CRTCasinoInterface.js
  Line 13:6:    React Hook useEffect has a missing dependency: 'fetchAvailableGames'. Either include it or remove the dependency array  react-hooks/exhaustive-deps
  Line 100:18:  'payout' is assigned a value but never used                                                                             no-unused-vars

src/components/CRTSavingsManager.js
  Line 8:10:  'savingsHistory' is assigned a value but never used                                                                     no-unused-vars
  Line 8:26:  'setSavingsHistory' is assigned a value but never used                                                                  no-unused-vars
  Line 15:6:  React Hook useEffect has a missing dependency: 'fetchSavingsSummary'. Either include it or remove the dependency array  react-hooks/exhaustive-deps

src/components/CRTWalletManager.js
  Line 1:38:   'useCallback' is defined but never used                                                                              no-unused-vars
  Line 12:10:  'realWalletConnection' is assigned a value but never used                                                            no-unused-vars
  Line 48:6:   React Hook useEffect has a missing dependency: 'fetchAllBalances'. Either include it or remove the dependency array  react-hooks/exhaustive-deps

src/components/RealSystemStatus.js
  Line 13:6:  React Hook useEffect has a missing dependency: 'checkNetworkStatus'. Either include it or remove the dependency array  react-hooks/exhaustive-deps

src/components/USDCToCRTConverter.js
  Line 5:10:  'estimatedCRT' is assigned a value but never used                                                                      no-unused-vars
  Line 16:6:  React Hook useEffect has a missing dependency: 'fetchUSDCBalance'. Either include it or remove the dependency array    react-hooks/exhaustive-deps
  Line 24:6:  React Hook useEffect has a missing dependency: 'estimateConversion'. Either include it or remove the dependency array  react-hooks/exhaustive-deps

Search for the keywords to learn more about each warning.
To ignore, add // eslint-disable-next-line to the line before.

WARNING in [eslint] 
src/components/CRTBridgeManager.js
  Line 17:6:  React Hook useEffect has missing dependencies: 'fetchBridgeSummary' and 'fetchSupportedPairs'. Either include them or remove the dependency array  react-hooks/exhaustive-deps
  Line 23:6:  React Hook useEffect has a missing dependency: 'estimateBridgeRequirements'. Either include it or remove the dependency array                      react-hooks/exhaustive-deps

src/components/CRTCasinoInterface.js
  Line 13:6:    React Hook useEffect has a missing dependency: 'fetchAvailableGames'. Either include it or remove the dependency array  react-hooks/exhaustive-deps
  Line 100:18:  'payout' is assigned a value but never used                                                                             no-unused-vars

src/components/CRTSavingsManager.js
  Line 8:10:  'savingsHistory' is assigned a value but never used                                                                     no-unused-vars
  Line 8:26:  'setSavingsHistory' is assigned a value but never used                                                                  no-unused-vars
  Line 15:6:  React Hook useEffect has a missing dependency: 'fetchSavingsSummary'. Either include it or remove the dependency array  react-hooks/exhaustive-deps

src/components/CRTWalletManager.js
  Line 1:38:   'useCallback' is defined but never used                                                                              no-unused-vars
  Line 12:10:  'realWalletConnection' is assigned a value but never used                                                            no-unused-vars
  Line 48:6:   React Hook useEffect has a missing dependency: 'fetchAllBalances'. Either include it or remove the dependency array  react-hooks/exhaustive-deps

src/components/RealSystemStatus.js
  Line 13:6:  React Hook useEffect has a missing dependency: 'checkNetworkStatus'. Either include it or remove the dependency array  react-hooks/exhaustive-deps

src/components/USDCToCRTConverter.js
  Line 5:10:  'estimatedCRT' is assigned a value but never used                                                                      no-unused-vars
  Line 16:6:  React Hook useEffect has a missing dependency: 'fetchUSDCBalance'. Either include it or remove the dependency array    react-hooks/exhaustive-deps
  Line 24:6:  React Hook useEffect has a missing dependency: 'estimateConversion'. Either include it or remove the dependency array  react-hooks/exhaustive-deps

webpack compiled with 1 warning
